\BOOKMARK [1][-]{section.2}{\376\377\127\372\147\054\151\202\137\365\124\214\117\213\133\120}{}% 1
\BOOKMARK [2][-]{subsection.2.1}{\376\377\127\372\147\054\151\202\137\365}{section.2}% 2
\BOOKMARK [3][-]{subsubsection.2.1.1}{\376\377\226\217\147\072\217\307\172\013\166\204\133\232\116\111}{subsection.2.1}% 3
\BOOKMARK [3][-]{subsubsection.2.1.2}{\376\377\217\150\220\123\124\214\117\356\153\143}{subsection.2.1}% 4
\BOOKMARK [3][-]{subsubsection.2.1.3}{\376\377\147\011\226\120\176\364\122\006\136\003\145\317}{subsection.2.1}% 5
\BOOKMARK [3][-]{subsubsection.2.1.4}{\376\377\135\346\147\201\123\363\217\336\133\236\163\260}{subsection.2.1}% 6
\BOOKMARK [2][-]{subsection.2.2}{\376\377\226\217\147\072\156\070\122\250}{section.2}% 7
\BOOKMARK [3][-]{subsubsection.2.2.1}{\376\377\217\150\220\123\166\204\145\340\165\114\140\047}{subsection.2.2}% 8
\BOOKMARK [3][-]{subsubsection.2.2.2}{\376\377\231\226\217\276\145\366\122\006\136\003}{subsection.2.2}% 9
\BOOKMARK [2][-]{subsection.2.3}{\376\377\136\003\147\027\217\320\122\250}{section.2}% 10
\BOOKMARK [3][-]{subsubsection.2.3.1}{\376\377\200\314\146\157\124\214\133\232\116\111}{subsection.2.3}% 11
\BOOKMARK [3][-]{subsubsection.2.3.2}{\376\377\136\003\147\027\217\320\122\250\166\204\147\204\220\040}{subsection.2.3}% 12
\BOOKMARK [3][-]{subsubsection.2.3.3}{\376\377\136\003\147\027\217\320\122\250\166\204\140\047\215\050}{subsection.2.3}% 13
\BOOKMARK [2][-]{subsection.2.4}{\376\377\146\156\164\346\147\176\217\307\172\013}{section.2}% 14
\BOOKMARK [3][-]{subsubsection.2.4.1}{\376\377\215\363\215\303\225\364\226\224\145\366\225\364}{subsection.2.4}% 15
\BOOKMARK [3][-]{subsubsection.2.4.2}{\376\377\217\150\220\123\221\315\147\204}{subsection.2.4}% 16
\BOOKMARK [3][-]{subsubsection.2.4.3}{\376\377\225\177\145\366\225\364\147\201\226\120\210\114\116\072}{subsection.2.4}% 17
\BOOKMARK [3][-]{subsubsection.2.4.4}{\376\377\131\015\124\010\146\156\164\346\147\176\217\307\172\013}{subsection.2.4}% 18
\BOOKMARK [2][-]{subsection.2.5}{\376\377\146\156\164\346\147\176\226\217\147\072\155\113\136\246}{section.2}% 19
\BOOKMARK [3][-]{subsubsection.2.5.1}{\376\377\133\232\116\111\124\214\133\130\127\050\140\047}{subsection.2.5}% 20
\BOOKMARK [3][-]{subsubsection.2.5.2}{\376\377\171\357\122\006\116\016\210\145\120\177\166\204\155\113\136\246}{subsection.2.5}% 21
\BOOKMARK [3][-]{subsubsection.2.5.3}{\376\377\136\224\165\050}{subsection.2.5}% 22
\BOOKMARK [1][-]{section.4}{\376\377\146\364\145\260\217\307\172\013\123\312\121\166\136\224\165\050}{}% 23
\BOOKMARK [2][-]{subsection.4.1}{\376\377\146\364\145\260\217\307\172\013}{section.4}% 24
\BOOKMARK [3][-]{subsubsection.4.1.1}{\376\377\133\232\116\111\124\214\140\047\215\050}{subsection.4.1}% 25
\BOOKMARK [3][-]{subsubsection.4.1.2}{\376\377\146\364\145\260\145\271\172\013}{subsection.4.1}% 26
\BOOKMARK [2][-]{subsection.4.2}{\376\377\225\177\172\013\147\201\226\120\210\114\116\072}{section.4}% 27
\BOOKMARK [3][-]{subsubsection.4.2.1}{\376\377\127\372\147\054\146\364\145\260\133\232\164\006}{subsection.4.2}% 28
\BOOKMARK [3][-]{subsubsection.4.2.2}{\376\377\116\055\137\303\147\201\226\120\133\232\164\006}{subsection.4.2}% 29
\BOOKMARK [2][-]{subsection.4.3}{\376\377\146\364\145\260\217\307\172\013\166\204\136\224\165\050}{section.4}% 30
\BOOKMARK [3][-]{subsubsection.4.3.1}{\376\377\226\217\147\072\156\070\122\250\166\204\162\054\123\107\145\366\225\364}{subsection.4.3}% 31
\BOOKMARK [3][-]{subsubsection.4.3.2}{\376\377\146\364\145\260\175\057\171\357\217\307\172\013}{subsection.4.3}% 32
